<?xml version="1.0" encoding="UTF-8"?>
<!-- Generated by org.testng.reporters.JUnitReportReporter -->
<testsuite hostname="DESKTOP-PJBIS40" failures="0" tests="1" name="Qsp.demotesting" time="0.026" errors="0" timestamp="2023-05-01T14:46:52 IST" skipped="0">
  <testcase classname="Qsp.demotesting" name="test" time="0.026"/>
  <system-out>
    <![CDATA[hi
bye
cricket
shashank]]>
  </system-out>
</testsuite> <!-- Qsp.demotesting -->
